<?xml version="1.0" encoding="UTF-8"?>
<!-- Generated by org.testng.reporters.JUnitReportReporter -->
<testsuite hostname="Yog" failures="0" tests="1" name="org.sms.parent.MySonsAttendance" time="5.351" errors="0" timestamp="2022-07-18T10:55:26 IST" skipped="0">
  <testcase classname="org.sms.parent.MySonsAttendance" name="parentAttendance" time="5.351"/>
  <system-out/>
</testsuite> <!-- org.sms.parent.MySonsAttendance -->
