<?xml version="1.0" encoding="UTF-8"?>
<!-- Generated by org.testng.reporters.JUnitReportReporter -->
<testsuite hostname="Yog" failures="0" tests="3" name="org.tyss.sms.testng_practice.TestNGCreateCustomerTest" time="0.012" errors="0" timestamp="2022-07-18T10:40:50 IST" skipped="0">
  <testcase classname="org.tyss.sms.testng_practice.TestNGCreateCustomerTest" name="modifyCustomerTest" time="0.009"/>
  <system-out/>
  <testcase classname="org.tyss.sms.testng_practice.TestNGCreateCustomerTest" name="deleteCustomerTest" time="0.002"/>
  <system-out/>
  <testcase classname="org.tyss.sms.testng_practice.TestNGCreateCustomerTest" name="createCustomerTest" time="0.001"/>
  <system-out/>
</testsuite> <!-- org.tyss.sms.testng_practice.TestNGCreateCustomerTest -->
