<?xml version="1.0" encoding="UTF-8"?>
<!-- Generated by org.testng.reporters.JUnitReportReporter -->
<testsuite hostname="Yog" failures="0" tests="1" name="InitTeacherAttendancePageTest" time="5.150" errors="0" timestamp="2022-07-15T10:56:20 IST" skipped="0">
  <testcase classname="InitTeacherAttendancePageTest" name="TeacherAttendanceTest" time="5.150"/>
  <system-out/>
</testsuite> <!-- InitTeacherAttendancePageTest -->
